
Showing logs for build [32mcb-kubecd-environment-pr-169-6-nb7v8-1[0m stage [32mfrom-build-pack[0m and container [32mstep-credential-initializer-pspjj[0m
{"level":"warn","ts":1582911228.4952686,"logger":"fallback-logger","caller":"logging/config.go:69","msg":"Fetch GitHub commit ID from kodata failed: \"ref: refs/heads/0.8.0-**-support-backwards-incompats\" is not a valid GitHub commit ID"}
{"level":"info","ts":1582911228.4961226,"logger":"fallback-logger","caller":"creds-init/main.go:40","msg":"Credentials initialized."}

Showing logs for build [32mcb-kubecd-environment-pr-169-6-nb7v8-1[0m stage [32mfrom-build-pack[0m and container [32mstep-working-dir-initializer-dvhdg[0m
{"level":"warn","ts":1582911228.9691858,"logger":"fallback-logger","caller":"logging/config.go:69","msg":"Fetch GitHub commit ID from kodata failed: open /var/run/ko/HEAD: no such file or directory"}
{"level":"info","ts":1582911228.971285,"logger":"fallback-logger","caller":"bash/main.go:64","msg":"Successfully executed command \"sh -c mkdir -p /workspace/source\"; output "}

Showing logs for build [32mcb-kubecd-environment-pr-169-6-nb7v8-1[0m stage [32mfrom-build-pack[0m and container [32mstep-place-tools[0m

Showing logs for build [32mcb-kubecd-environment-pr-169-6-nb7v8-1[0m stage [32mfrom-build-pack[0m and container [32mstep-git-source-cb-kubecd-environment-pr-169-6-nb7v8-r4r59[0m
{"level":"warn","ts":1582911233.060199,"logger":"fallback-logger","caller":"logging/config.go:69","msg":"Fetch GitHub commit ID from kodata failed: \"ref: refs/heads/0.8.0-**-support-backwards-incompats\" is not a valid GitHub commit ID"}
{"level":"info","ts":1582911234.1241052,"logger":"fallback-logger","caller":"git/git.go:103","msg":"Successfully cloned https://github.com/cb-kubecd/environment-pr-169-6-boot-vault-gke-staging.git @ master in path /workspace/source"}

Showing logs for build [32mcb-kubecd-environment-pr-169-6-nb7v8-1[0m stage [32mfrom-build-pack[0m and container [32mstep-git-merge[0m
Using SHAs from PULL_REFS=master:4aafa6e8b02eb6d505b2f33309800c10a7c3bd5a,4:62cc92c5b0e89bdea1cd56212cc2ed8877cb7999
DEBUG: JX_LOG_LEVEL=error LC_ALL=C git fetch origin --unshallow 62cc92c5b0e89bdea1cd56212cc2ed8877cb7999: 4aafa6e8b02eb6d505b2f33309800c10a7c3bd5a:
DEBUG: ran git fetch --unshallow origin 62cc92c5b0e89bdea1cd56212cc2ed8877cb7999: 4aafa6e8b02eb6d505b2f33309800c10a7c3bd5a: in 
DEBUG: LC_ALL=C JX_LOG_LEVEL=error git branch
DEBUG: LC_ALL=C JX_LOG_LEVEL=error git checkout master
DEBUG: ran git checkout master in 
DEBUG: LC_ALL=C JX_LOG_LEVEL=error git reset --hard 4aafa6e8b02eb6d505b2f33309800c10a7c3bd5a
DEBUG: ran git reset --hard 4aafa6e8b02eb6d505b2f33309800c10a7c3bd5a in 
DEBUG: LC_ALL=C JX_LOG_LEVEL=error git clean -fd .
DEBUG: ran clean --force -d . in 
DEBUG: LC_ALL=C JX_LOG_LEVEL=error git merge 62cc92c5b0e89bdea1cd56212cc2ed8877cb7999
DEBUG: ran git merge 62cc92c5b0e89bdea1cd56212cc2ed8877cb7999 in 
DEBUG: JX_LOG_LEVEL=error LC_ALL=C git log --format=%H%x1f%an%x1f%ae%x1f%cn%x1f%ce%x1f%s%n%b%x1e 4aafa6e8b02eb6d505b2f33309800c10a7c3bd5a..HEAD
Merged SHA 62cc92c5b0e89bdea1cd56212cc2ed8877cb7999 with commit message 'chore: Promote bdd-gh-1582908980 to version 0.0.1' into base branch master

Showing logs for build [32mcb-kubecd-environment-pr-169-6-nb7v8-1[0m stage [32mfrom-build-pack[0m and container [32mstep-build-helm-build[0m
WARNING: No $CHART_REPOSITORY defined so using the default value of: http://jenkins-x-chartmuseum:8080
Adding missing Helm repo: storage.googleapis.com https://storage.googleapis.com/chartmuseum.jenkins-x.io
WARNING: No secrets found on "helm/repos" due: reading the secret "helm/repos" from vault: no secret "helm/repos" not found in vault
Read credentials for https://storage.googleapis.com/chartmuseum.jenkins-x.io from vault helm/repos
Successfully added Helm repository storage.googleapis.com.
Adding missing Helm repo: jenkins-x-chartmuseum http://jenkins-x-chartmuseum:8080
WARNING: No secrets found on "helm/repos" due: reading the secret "helm/repos" from vault: no secret "helm/repos" not found in vault
Read credentials for http://jenkins-x-chartmuseum:8080 from vault helm/repos
Successfully added Helm repository jenkins-x-chartmuseum.
WARNING: No $CHART_REPOSITORY defined so using the default value of: http://jenkins-x-chartmuseum:8080
Adding missing Helm repo: chartmuseum.jenkins-x.io http://chartmuseum.jenkins-x.io
WARNING: No secrets found on "helm/repos" due: reading the secret "helm/repos" from vault: no secret "helm/repos" not found in vault
Read credentials for http://chartmuseum.jenkins-x.io from vault helm/repos
Successfully added Helm repository chartmuseum.jenkins-x.io.
